<?xml version="1.0" encoding="UTF-8"?>
<testng-results ignored="0" total="1" passed="1" failed="0" skipped="0">
  <reporter-output>
    <line>
      <![CDATA[Problems on Trains - Aptitude Questions and Answers]]>
    </line>
    <line>
      <![CDATA[https://www.indiabix.com/aptitude/problems-on-trains/]]>
    </line>
  </reporter-output>
  <suite started-at="2021-12-02T10:43:22 IST" name="Suite" finished-at="2021-12-02T10:43:51 IST" duration-ms="29375">
    <groups>
    </groups>
    <test started-at="2021-12-02T10:43:22 IST" name="Test" finished-at="2021-12-02T10:43:51 IST" duration-ms="29375">
      <class name="testNg.testCase1">
        <test-method is-config="true" signature="tc1()[pri:0, instance:testNg.testCase1@7671cb68]" started-at="2021-12-02T10:43:22 IST" name="tc1" finished-at="2021-12-02T10:43:37 IST" duration-ms="15378" status="PASS">
          <reporter-output>
          </reporter-output>
        </test-method> <!-- tc1 -->
        <test-method signature="tc2()[pri:0, instance:testNg.testCase1@7671cb68]" started-at="2021-12-02T10:43:37 IST" name="tc2" finished-at="2021-12-02T10:43:51 IST" duration-ms="13794" status="PASS">
          <reporter-output>
            <line>
              <![CDATA[Problems on Trains - Aptitude Questions and Answers]]>
            </line>
            <line>
              <![CDATA[https://www.indiabix.com/aptitude/problems-on-trains/]]>
            </line>
          </reporter-output>
        </test-method> <!-- tc2 -->
        <test-method is-config="true" signature="tc3()[pri:0, instance:testNg.testCase1@7671cb68]" started-at="2021-12-02T10:43:51 IST" name="tc3" finished-at="2021-12-02T10:43:51 IST" duration-ms="116" status="PASS">
          <reporter-output>
          </reporter-output>
        </test-method> <!-- tc3 -->
      </class> <!-- testNg.testCase1 -->
    </test> <!-- Test -->
  </suite> <!-- Suite -->
</testng-results>
